
*** Running vivado
    with args -log lock.vdi -applog -m64 -product Vivado -messageDb vivado.pb -mode batch -source lock.tcl -notrace


****** Vivado v2019.2 (64-bit)
  **** SW Build 2708876 on Wed Nov  6 21:40:23 MST 2019
  **** IP Build 2700528 on Thu Nov  7 00:09:20 MST 2019
    ** Copyright 1986-2019 Xilinx, Inc. All Rights Reserved.

source lock.tcl -notrace
Command: link_design -top lock -part xc7a35tfgg484-2
Design is defaulting to srcset: sources_1
Design is defaulting to constrset: constrs_1
INFO: [Device 21-403] Loading part xc7a35tfgg484-2
Netlist sorting complete. Time (s): cpu = 00:00:00 ; elapsed = 00:00:00 . Memory (MB): peak = 603.680 ; gain = 0.000
INFO: [Netlist 29-17] Analyzing 2 Unisim elements for replacement
INFO: [Netlist 29-28] Unisim Transformation completed in 0 CPU seconds
INFO: [Project 1-479] Netlist was created with Vivado 2019.2
INFO: [Project 1-570] Preparing netlist for logic optimization
Parsing XDC File [E:/Codes/Projects/Digital-Logic-Experimentation/lab7/lock/lock.srcs/constrs_1/new/lock.xdc]
Finished Parsing XDC File [E:/Codes/Projects/Digital-Logic-Experimentation/lab7/lock/lock.srcs/constrs_1/new/lock.xdc]
INFO: [Opt 31-138] Pushed 0 inverter(s) to 0 load pin(s).
Netlist sorting complete. Time (s): cpu = 00:00:00 ; elapsed = 00:00:00 . Memory (MB): peak = 712.113 ; gain = 0.000
INFO: [Project 1-111] Unisim Transformation Summary:
No Unisim elements were transformed.

7 Infos, 0 Warnings, 0 Critical Warnings and 0 Errors encountered.
link_design completed successfully
Command: opt_design
Attempting to get a license for feature 'Implementation' and/or device 'xc7a35t'
INFO: [Common 17-349] Got license for feature 'Implementation' and/or device 'xc7a35t'
Running DRC as a precondition to command opt_design

Starting DRC Task
INFO: [DRC 23-27] Running DRC with 2 threads
INFO: [Project 1-461] DRC finished with 0 Errors
INFO: [Project 1-462] Please refer to the DRC report (report_drc) for more information.

Time (s): cpu = 00:00:00 ; elapsed = 00:00:00.364 . Memory (MB): peak = 735.113 ; gain = 18.988

Starting Cache Timing Information Task
INFO: [Timing 38-35] Done setting XDC timing constraints.
Ending Cache Timing Information Task | Checksum: 129482a8c

Time (s): cpu = 00:00:03 ; elapsed = 00:00:06 . Memory (MB): peak = 1274.418 ; gain = 539.305

Starting Logic Optimization Task

Phase 1 Retarget
INFO: [Opt 31-138] Pushed 0 inverter(s) to 0 load pin(s).
INFO: [Opt 31-49] Retargeted 0 cell(s).
Phase 1 Retarget | Checksum: 129482a8c

Time (s): cpu = 00:00:00 ; elapsed = 00:00:00.005 . Memory (MB): peak = 1459.559 ; gain = 0.000
INFO: [Opt 31-389] Phase Retarget created 0 cells and removed 0 cells

Phase 2 Constant propagation
INFO: [Opt 31-138] Pushed 0 inverter(s) to 0 load pin(s).
Phase 2 Constant propagation | Checksum: 129482a8c

Time (s): cpu = 00:00:00 ; elapsed = 00:00:00.006 . Memory (MB): peak = 1459.559 ; gain = 0.000
INFO: [Opt 31-389] Phase Constant propagation created 0 cells and removed 0 cells

Phase 3 Sweep
Phase 3 Sweep | Checksum: 1261d20f2

Time (s): cpu = 00:00:00 ; elapsed = 00:00:00.008 . Memory (MB): peak = 1459.559 ; gain = 0.000
INFO: [Opt 31-389] Phase Sweep created 1 cells and removed 0 cells

Phase 4 BUFG optimization
INFO: [Opt 31-1112] Starts optimizing BUFG(s) with a common MMCM/DPLL/XPLL driver.
INFO: [Opt 31-1112] Starts optimizing BUFG(s) with a common driver.
INFO: [Opt 31-1092] Phase BUFG optimization transformed 0 BUFG(s) to MBUFG(s).
Phase 4 BUFG optimization | Checksum: 1261d20f2

Time (s): cpu = 00:00:00 ; elapsed = 00:00:00.010 . Memory (MB): peak = 1459.559 ; gain = 0.000
INFO: [Opt 31-662] Phase BUFG optimization created 0 cells of which 0 are BUFGs and removed 0 cells.

Phase 5 Shift Register Optimization
INFO: [Opt 31-1064] SRL Remap converted 0 SRLs to 0 registers and converted 0 registers of register chains to 0 SRLs
Phase 5 Shift Register Optimization | Checksum: 1261d20f2

Time (s): cpu = 00:00:00 ; elapsed = 00:00:00.011 . Memory (MB): peak = 1459.559 ; gain = 0.000
INFO: [Opt 31-389] Phase Shift Register Optimization created 0 cells and removed 0 cells

Phase 6 Post Processing Netlist
Phase 6 Post Processing Netlist | Checksum: 1261d20f2

Time (s): cpu = 00:00:00 ; elapsed = 00:00:00.012 . Memory (MB): peak = 1459.559 ; gain = 0.000
INFO: [Opt 31-389] Phase Post Processing Netlist created 0 cells and removed 0 cells
Opt_design Change Summary
=========================


-------------------------------------------------------------------------------------------------------------------------
|  Phase                        |  #Cells created  |  #Cells Removed  |  #Constrained objects preventing optimizations  |
-------------------------------------------------------------------------------------------------------------------------
|  Retarget                     |               0  |               0  |                                              0  |
|  Constant propagation         |               0  |               0  |                                              0  |
|  Sweep                        |               1  |               0  |                                              0  |
|  BUFG optimization            |               0  |               0  |                                              0  |
|  Shift Register Optimization  |               0  |               0  |                                              0  |
|  Post Processing Netlist      |               0  |               0  |                                              0  |
-------------------------------------------------------------------------------------------------------------------------



Starting Connectivity Check Task

Time (s): cpu = 00:00:00 ; elapsed = 00:00:00 . Memory (MB): peak = 1459.559 ; gain = 0.000
Ending Logic Optimization Task | Checksum: 1db2a21ba

Time (s): cpu = 00:00:00 ; elapsed = 00:00:00.014 . Memory (MB): peak = 1459.559 ; gain = 0.000

Starting Power Optimization Task
INFO: [Pwropt 34-132] Skipping clock gating for clocks with a period < 2.00 ns.
Ending Power Optimization Task | Checksum: 1db2a21ba

Time (s): cpu = 00:00:00 ; elapsed = 00:00:00.005 . Memory (MB): peak = 1459.559 ; gain = 0.000

Starting Final Cleanup Task
Ending Final Cleanup Task | Checksum: 1db2a21ba

Time (s): cpu = 00:00:00 ; elapsed = 00:00:00 . Memory (MB): peak = 1459.559 ; gain = 0.000

Starting Netlist Obfuscation Task
Netlist sorting complete. Time (s): cpu = 00:00:00 ; elapsed = 00:00:00 . Memory (MB): peak = 1459.559 ; gain = 0.000
Ending Netlist Obfuscation Task | Checksum: 1db2a21ba

Time (s): cpu = 00:00:00 ; elapsed = 00:00:00 . Memory (MB): peak = 1459.559 ; gain = 0.000
INFO: [Common 17-83] Releasing license: Implementation
27 Infos, 0 Warnings, 0 Critical Warnings and 0 Errors encountered.
opt_design completed successfully
opt_design: Time (s): cpu = 00:00:03 ; elapsed = 00:00:08 . Memory (MB): peak = 1459.559 ; gain = 743.434
Netlist sorting complete. Time (s): cpu = 00:00:00 ; elapsed = 00:00:00 . Memory (MB): peak = 1459.559 ; gain = 0.000
INFO: [Timing 38-480] Writing timing data to binary archive.
Writing placer database...
Writing XDEF routing.
Writing XDEF routing logical nets.
Writing XDEF routing special nets.
Write XDEF Complete: Time (s): cpu = 00:00:00 ; elapsed = 00:00:00.020 . Memory (MB): peak = 1459.559 ; gain = 0.000
INFO: [Common 17-1381] The checkpoint 'E:/Codes/Projects/Digital-Logic-Experimentation/lab7/lock/lock.runs/impl_1/lock_opt.dcp' has been generated.
INFO: [runtcl-4] Executing : report_drc -file lock_drc_opted.rpt -pb lock_drc_opted.pb -rpx lock_drc_opted.rpx
Command: report_drc -file lock_drc_opted.rpt -pb lock_drc_opted.pb -rpx lock_drc_opted.rpx
INFO: [IP_Flow 19-234] Refreshing IP repositories
INFO: [IP_Flow 19-1704] No user IP repositories specified
INFO: [IP_Flow 19-2313] Loaded Vivado IP repository 'D:/ProgramFiles/Xilinx/Vivado/2019.2/data/ip'.
INFO: [DRC 23-27] Running DRC with 2 threads
INFO: [Coretcl 2-168] The results of DRC are in file E:/Codes/Projects/Digital-Logic-Experimentation/lab7/lock/lock.runs/impl_1/lock_drc_opted.rpt.
report_drc completed successfully
Command: place_design
Attempting to get a license for feature 'Implementation' and/or device 'xc7a35t'
INFO: [Common 17-349] Got license for feature 'Implementation' and/or device 'xc7a35t'
INFO: [DRC 23-27] Running DRC with 2 threads
INFO: [Vivado_Tcl 4-198] DRC finished with 0 Errors
INFO: [Vivado_Tcl 4-199] Please refer to the DRC report (report_drc) for more information.
Running DRC as a precondition to command place_design
INFO: [DRC 23-27] Running DRC with 2 threads
INFO: [Vivado_Tcl 4-198] DRC finished with 0 Errors
INFO: [Vivado_Tcl 4-199] Please refer to the DRC report (report_drc) for more information.

Starting Placer Task
INFO: [Place 30-611] Multithreading enabled for place_design using a maximum of 2 CPUs

Phase 1 Placer Initialization

Phase 1.1 Placer Initialization Netlist Sorting
Netlist sorting complete. Time (s): cpu = 00:00:00 ; elapsed = 00:00:00 . Memory (MB): peak = 1459.559 ; gain = 0.000
Phase 1.1 Placer Initialization Netlist Sorting | Checksum: 1d2383477

Time (s): cpu = 00:00:00 ; elapsed = 00:00:00.003 . Memory (MB): peak = 1459.559 ; gain = 0.000
Netlist sorting complete. Time (s): cpu = 00:00:00 ; elapsed = 00:00:00 . Memory (MB): peak = 1459.559 ; gain = 0.000

Phase 1.2 IO Placement/ Clock Placement/ Build Placer Device
INFO: [Timing 38-35] Done setting XDC timing constraints.
Phase 1.2 IO Placement/ Clock Placement/ Build Placer Device | Checksum: 15a97858e

Time (s): cpu = 00:00:00 ; elapsed = 00:00:00.333 . Memory (MB): peak = 1459.559 ; gain = 0.000

Phase 1.3 Build Placer Netlist Model
Phase 1.3 Build Placer Netlist Model | Checksum: 1de5db6db

Time (s): cpu = 00:00:00 ; elapsed = 00:00:00.341 . Memory (MB): peak = 1459.559 ; gain = 0.000

Phase 1.4 Constrain Clocks/Macros
Phase 1.4 Constrain Clocks/Macros | Checksum: 1de5db6db

Time (s): cpu = 00:00:00 ; elapsed = 00:00:00.341 . Memory (MB): peak = 1459.559 ; gain = 0.000
Phase 1 Placer Initialization | Checksum: 1de5db6db

Time (s): cpu = 00:00:00 ; elapsed = 00:00:00.342 . Memory (MB): peak = 1459.559 ; gain = 0.000

Phase 2 Global Placement

Phase 2.1 Floorplanning
Phase 2.1 Floorplanning | Checksum: 1de5db6db

Time (s): cpu = 00:00:00 ; elapsed = 00:00:00.343 . Memory (MB): peak = 1459.559 ; gain = 0.000

Phase 2.2 Global Placement Core
WARNING: [Place 46-29] place_design is not in timing mode. Skip physical synthesis in placer
Phase 2.2 Global Placement Core | Checksum: 1bead8793

Time (s): cpu = 00:00:00 ; elapsed = 00:00:00.654 . Memory (MB): peak = 1459.559 ; gain = 0.000
Phase 2 Global Placement | Checksum: 1bead8793

Time (s): cpu = 00:00:00 ; elapsed = 00:00:00.656 . Memory (MB): peak = 1459.559 ; gain = 0.000

Phase 3 Detail Placement

Phase 3.1 Commit Multi Column Macros
Phase 3.1 Commit Multi Column Macros | Checksum: 1bead8793

Time (s): cpu = 00:00:00 ; elapsed = 00:00:00.657 . Memory (MB): peak = 1459.559 ; gain = 0.000

Phase 3.2 Commit Most Macros & LUTRAMs
Phase 3.2 Commit Most Macros & LUTRAMs | Checksum: 1f4ff7c41

Time (s): cpu = 00:00:00 ; elapsed = 00:00:00.660 . Memory (MB): peak = 1459.559 ; gain = 0.000

Phase 3.3 Area Swap Optimization
Phase 3.3 Area Swap Optimization | Checksum: 1ccace18e

Time (s): cpu = 00:00:00 ; elapsed = 00:00:00.663 . Memory (MB): peak = 1459.559 ; gain = 0.000

Phase 3.4 Pipeline Register Optimization
Phase 3.4 Pipeline Register Optimization | Checksum: 1ccace18e

Time (s): cpu = 00:00:00 ; elapsed = 00:00:00.664 . Memory (MB): peak = 1459.559 ; gain = 0.000

Phase 3.5 Small Shape Detail Placement
Phase 3.5 Small Shape Detail Placement | Checksum: ca2d13eb

Time (s): cpu = 00:00:00 ; elapsed = 00:00:00.719 . Memory (MB): peak = 1459.559 ; gain = 0.000

Phase 3.6 Re-assign LUT pins
Phase 3.6 Re-assign LUT pins | Checksum: ca2d13eb

Time (s): cpu = 00:00:00 ; elapsed = 00:00:00.721 . Memory (MB): peak = 1459.559 ; gain = 0.000

Phase 3.7 Pipeline Register Optimization
Phase 3.7 Pipeline Register Optimization | Checksum: ca2d13eb

Time (s): cpu = 00:00:00 ; elapsed = 00:00:00.722 . Memory (MB): peak = 1459.559 ; gain = 0.000
Phase 3 Detail Placement | Checksum: ca2d13eb

Time (s): cpu = 00:00:00 ; elapsed = 00:00:00.722 . Memory (MB): peak = 1459.559 ; gain = 0.000

Phase 4 Post Placement Optimization and Clean-Up

Phase 4.1 Post Commit Optimization
Phase 4.1 Post Commit Optimization | Checksum: ca2d13eb

Time (s): cpu = 00:00:00 ; elapsed = 00:00:00.723 . Memory (MB): peak = 1459.559 ; gain = 0.000

Phase 4.2 Post Placement Cleanup
Phase 4.2 Post Placement Cleanup | Checksum: ca2d13eb

Time (s): cpu = 00:00:00 ; elapsed = 00:00:00.725 . Memory (MB): peak = 1459.559 ; gain = 0.000

Phase 4.3 Placer Reporting
Phase 4.3 Placer Reporting | Checksum: ca2d13eb

Time (s): cpu = 00:00:00 ; elapsed = 00:00:00.725 . Memory (MB): peak = 1459.559 ; gain = 0.000

Phase 4.4 Final Placement Cleanup
Netlist sorting complete. Time (s): cpu = 00:00:00 ; elapsed = 00:00:00 . Memory (MB): peak = 1459.559 ; gain = 0.000
Phase 4.4 Final Placement Cleanup | Checksum: 67a31ebc

Time (s): cpu = 00:00:00 ; elapsed = 00:00:00.726 . Memory (MB): peak = 1459.559 ; gain = 0.000
Phase 4 Post Placement Optimization and Clean-Up | Checksum: 67a31ebc

Time (s): cpu = 00:00:00 ; elapsed = 00:00:00.726 . Memory (MB): peak = 1459.559 ; gain = 0.000
Ending Placer Task | Checksum: 665f9886

Time (s): cpu = 00:00:00 ; elapsed = 00:00:00.726 . Memory (MB): peak = 1459.559 ; gain = 0.000
INFO: [Common 17-83] Releasing license: Implementation
45 Infos, 1 Warnings, 0 Critical Warnings and 0 Errors encountered.
place_design completed successfully
Netlist sorting complete. Time (s): cpu = 00:00:00 ; elapsed = 00:00:00 . Memory (MB): peak = 1459.559 ; gain = 0.000
INFO: [Timing 38-480] Writing timing data to binary archive.
Writing placer database...
Writing XDEF routing.
Writing XDEF routing logical nets.
Writing XDEF routing special nets.
Write XDEF Complete: Time (s): cpu = 00:00:00 ; elapsed = 00:00:00.022 . Memory (MB): peak = 1463.312 ; gain = 3.754
INFO: [Common 17-1381] The checkpoint 'E:/Codes/Projects/Digital-Logic-Experimentation/lab7/lock/lock.runs/impl_1/lock_placed.dcp' has been generated.
INFO: [runtcl-4] Executing : report_io -file lock_io_placed.rpt
report_io: Time (s): cpu = 00:00:00 ; elapsed = 00:00:00.033 . Memory (MB): peak = 1463.312 ; gain = 0.000
INFO: [runtcl-4] Executing : report_utilization -file lock_utilization_placed.rpt -pb lock_utilization_placed.pb
INFO: [runtcl-4] Executing : report_control_sets -verbose -file lock_control_sets_placed.rpt
report_control_sets: Time (s): cpu = 00:00:00 ; elapsed = 00:00:00.001 . Memory (MB): peak = 1463.312 ; gain = 0.000
Command: phys_opt_design
Attempting to get a license for feature 'Implementation' and/or device 'xc7a35t'
INFO: [Common 17-349] Got license for feature 'Implementation' and/or device 'xc7a35t'
INFO: [Vivado_Tcl 4-235] No timing constraint found. The netlist was not modified.
INFO: [Common 17-83] Releasing license: Implementation
53 Infos, 1 Warnings, 0 Critical Warnings and 0 Errors encountered.
phys_opt_design completed successfully
Netlist sorting complete. Time (s): cpu = 00:00:00 ; elapsed = 00:00:00 . Memory (MB): peak = 1481.359 ; gain = 0.000
INFO: [Timing 38-480] Writing timing data to binary archive.
Writing placer database...
Writing XDEF routing.
Writing XDEF routing logical nets.
Writing XDEF routing special nets.
Write XDEF Complete: Time (s): cpu = 00:00:00 ; elapsed = 00:00:00.021 . Memory (MB): peak = 1499.234 ; gain = 17.875
INFO: [Common 17-1381] The checkpoint 'E:/Codes/Projects/Digital-Logic-Experimentation/lab7/lock/lock.runs/impl_1/lock_physopt.dcp' has been generated.
Command: route_design
Attempting to get a license for feature 'Implementation' and/or device 'xc7a35t'
INFO: [Common 17-349] Got license for feature 'Implementation' and/or device 'xc7a35t'
Running DRC as a precondition to command route_design
INFO: [DRC 23-27] Running DRC with 2 threads
INFO: [Vivado_Tcl 4-198] DRC finished with 0 Errors
INFO: [Vivado_Tcl 4-199] Please refer to the DRC report (report_drc) for more information.


Starting Routing Task
INFO: [Route 35-254] Multithreading enabled for route_design using a maximum of 2 CPUs
Checksum: PlaceDB: 29a708d0 ConstDB: 0 ShapeSum: 3cb88fb6 RouteDB: 0

Phase 1 Build RT Design
Phase 1 Build RT Design | Checksum: 1d5598be2

Time (s): cpu = 00:00:05 ; elapsed = 00:00:11 . Memory (MB): peak = 1583.973 ; gain = 72.711
Post Restoration Checksum: NetGraph: fdd59d9a NumContArr: d783ee48 Constraints: 0 Timing: 0

Phase 2 Router Initialization
INFO: [Route 35-64] No timing constraints were detected. The router will operate in resource-optimization mode.

Phase 2.1 Fix Topology Constraints
Phase 2.1 Fix Topology Constraints | Checksum: 1d5598be2

Time (s): cpu = 00:00:05 ; elapsed = 00:00:11 . Memory (MB): peak = 1589.953 ; gain = 78.691

Phase 2.2 Pre Route Cleanup
Phase 2.2 Pre Route Cleanup | Checksum: 1d5598be2

Time (s): cpu = 00:00:05 ; elapsed = 00:00:11 . Memory (MB): peak = 1589.953 ; gain = 78.691
 Number of Nodes with overlaps = 0
Phase 2 Router Initialization | Checksum: 173c4e9a3

Time (s): cpu = 00:00:05 ; elapsed = 00:00:11 . Memory (MB): peak = 1593.840 ; gain = 82.578

Router Utilization Summary
  Global Vertical Routing Utilization    = 0 %
  Global Horizontal Routing Utilization  = 0 %
  Routable Net Status*
  *Does not include unroutable nets such as driverless and loadless.
  Run report_route_status for detailed report.
  Number of Failed Nets               = 66
    (Failed Nets is the sum of unrouted and partially routed nets)
  Number of Unrouted Nets             = 66
  Number of Partially Routed Nets     = 0
  Number of Node Overlaps             = 0


Phase 3 Initial Routing
Phase 3 Initial Routing | Checksum: 151a53ca1

Time (s): cpu = 00:00:05 ; elapsed = 00:00:11 . Memory (MB): peak = 1594.453 ; gain = 83.191

Phase 4 Rip-up And Reroute

Phase 4.1 Global Iteration 0
 Number of Nodes with overlaps = 1
 Number of Nodes with overlaps = 0
Phase 4.1 Global Iteration 0 | Checksum: 163a9a3c6

Time (s): cpu = 00:00:05 ; elapsed = 00:00:11 . Memory (MB): peak = 1594.453 ; gain = 83.191
Phase 4 Rip-up And Reroute | Checksum: 163a9a3c6

Time (s): cpu = 00:00:05 ; elapsed = 00:00:11 . Memory (MB): peak = 1594.453 ; gain = 83.191

Phase 5 Delay and Skew Optimization
Phase 5 Delay and Skew Optimization | Checksum: 163a9a3c6

Time (s): cpu = 00:00:05 ; elapsed = 00:00:11 . Memory (MB): peak = 1594.453 ; gain = 83.191

Phase 6 Post Hold Fix

Phase 6.1 Hold Fix Iter
Phase 6.1 Hold Fix Iter | Checksum: 163a9a3c6

Time (s): cpu = 00:00:05 ; elapsed = 00:00:11 . Memory (MB): peak = 1594.453 ; gain = 83.191
Phase 6 Post Hold Fix | Checksum: 163a9a3c6

Time (s): cpu = 00:00:05 ; elapsed = 00:00:11 . Memory (MB): peak = 1594.453 ; gain = 83.191

Phase 7 Route finalize

Router Utilization Summary
  Global Vertical Routing Utilization    = 0.0226421 %
  Global Horizontal Routing Utilization  = 0.0147059 %
  Routable Net Status*
  *Does not include unroutable nets such as driverless and loadless.
  Run report_route_status for detailed report.
  Number of Failed Nets               = 0
    (Failed Nets is the sum of unrouted and partially routed nets)
  Number of Unrouted Nets             = 0
  Number of Partially Routed Nets     = 0
  Number of Node Overlaps             = 0

Congestion Report
North Dir 1x1 Area, Max Cong = 17.1171%, No Congested Regions.
South Dir 1x1 Area, Max Cong = 6.30631%, No Congested Regions.
East Dir 1x1 Area, Max Cong = 17.6471%, No Congested Regions.
West Dir 1x1 Area, Max Cong = 25%, No Congested Regions.

------------------------------
Reporting congestion hotspots
------------------------------
Direction: North
----------------
Congested clusters found at Level 0
Effective congestion level: 0 Aspect Ratio: 1 Sparse Ratio: 0
Direction: South
----------------
Congested clusters found at Level 0
Effective congestion level: 0 Aspect Ratio: 1 Sparse Ratio: 0
Direction: East
----------------
Congested clusters found at Level 0
Effective congestion level: 0 Aspect Ratio: 1 Sparse Ratio: 0
Direction: West
----------------
Congested clusters found at Level 0
Effective congestion level: 0 Aspect Ratio: 1 Sparse Ratio: 0

Phase 7 Route finalize | Checksum: 163a9a3c6

Time (s): cpu = 00:00:05 ; elapsed = 00:00:11 . Memory (MB): peak = 1594.453 ; gain = 83.191

Phase 8 Verifying routed nets

 Verification completed successfully
Phase 8 Verifying routed nets | Checksum: 163a9a3c6

Time (s): cpu = 00:00:05 ; elapsed = 00:00:11 . Memory (MB): peak = 1596.477 ; gain = 85.215

Phase 9 Depositing Routes
Phase 9 Depositing Routes | Checksum: 11328beeb

Time (s): cpu = 00:00:05 ; elapsed = 00:00:11 . Memory (MB): peak = 1596.477 ; gain = 85.215
INFO: [Route 35-16] Router Completed Successfully

Time (s): cpu = 00:00:05 ; elapsed = 00:00:11 . Memory (MB): peak = 1596.477 ; gain = 85.215

Routing Is Done.
INFO: [Common 17-83] Releasing license: Implementation
63 Infos, 1 Warnings, 0 Critical Warnings and 0 Errors encountered.
route_design completed successfully
route_design: Time (s): cpu = 00:00:06 ; elapsed = 00:00:11 . Memory (MB): peak = 1596.477 ; gain = 97.242
Netlist sorting complete. Time (s): cpu = 00:00:00 ; elapsed = 00:00:00 . Memory (MB): peak = 1596.477 ; gain = 0.000
INFO: [Timing 38-480] Writing timing data to binary archive.
Writing placer database...
Writing XDEF routing.
Writing XDEF routing logical nets.
Writing XDEF routing special nets.
Write XDEF Complete: Time (s): cpu = 00:00:00 ; elapsed = 00:00:00.022 . Memory (MB): peak = 1606.344 ; gain = 9.867
INFO: [Common 17-1381] The checkpoint 'E:/Codes/Projects/Digital-Logic-Experimentation/lab7/lock/lock.runs/impl_1/lock_routed.dcp' has been generated.
INFO: [runtcl-4] Executing : report_drc -file lock_drc_routed.rpt -pb lock_drc_routed.pb -rpx lock_drc_routed.rpx
Command: report_drc -file lock_drc_routed.rpt -pb lock_drc_routed.pb -rpx lock_drc_routed.rpx
INFO: [IP_Flow 19-1839] IP Catalog is up to date.
INFO: [DRC 23-27] Running DRC with 2 threads
INFO: [Coretcl 2-168] The results of DRC are in file E:/Codes/Projects/Digital-Logic-Experimentation/lab7/lock/lock.runs/impl_1/lock_drc_routed.rpt.
report_drc completed successfully
INFO: [runtcl-4] Executing : report_methodology -file lock_methodology_drc_routed.rpt -pb lock_methodology_drc_routed.pb -rpx lock_methodology_drc_routed.rpx
Command: report_methodology -file lock_methodology_drc_routed.rpt -pb lock_methodology_drc_routed.pb -rpx lock_methodology_drc_routed.rpx
INFO: [Timing 38-35] Done setting XDC timing constraints.
INFO: [DRC 23-133] Running Methodology with 2 threads
INFO: [Coretcl 2-1520] The results of Report Methodology are in file E:/Codes/Projects/Digital-Logic-Experimentation/lab7/lock/lock.runs/impl_1/lock_methodology_drc_routed.rpt.
report_methodology completed successfully
INFO: [runtcl-4] Executing : report_power -file lock_power_routed.rpt -pb lock_power_summary_routed.pb -rpx lock_power_routed.rpx
Command: report_power -file lock_power_routed.rpt -pb lock_power_summary_routed.pb -rpx lock_power_routed.rpx
INFO: [Timing 38-35] Done setting XDC timing constraints.
WARNING: [Power 33-232] No user defined clocks were found in the design! Power estimation will be inaccurate until this is corrected.
Resolution: Please specify clocks using create_clock/create_generated_clock for sequential elements. For pure combinatorial circuits, please specify a virtual clock, otherwise the vectorless estimation might be inaccurate
Running Vector-less Activity Propagation...

Finished Running Vector-less Activity Propagation
75 Infos, 2 Warnings, 0 Critical Warnings and 0 Errors encountered.
report_power completed successfully
INFO: [runtcl-4] Executing : report_route_status -file lock_route_status.rpt -pb lock_route_status.pb
INFO: [runtcl-4] Executing : report_timing_summary -max_paths 10 -file lock_timing_summary_routed.rpt -pb lock_timing_summary_routed.pb -rpx lock_timing_summary_routed.rpx -warn_on_violation 
INFO: [Timing 38-91] UpdateTimingParams: Speed grade: -2, Delay Type: min_max.
INFO: [Timing 38-191] Multithreading enabled for timing update using a maximum of 2 CPUs
WARNING: [Timing 38-313] There are no user specified timing constraints. Timing constraints are needed for proper timing analysis.
INFO: [runtcl-4] Executing : report_incremental_reuse -file lock_incremental_reuse_routed.rpt
INFO: [Vivado_Tcl 4-1062] Incremental flow is disabled. No incremental reuse Info to report.
INFO: [runtcl-4] Executing : report_clock_utilization -file lock_clock_utilization_routed.rpt
INFO: [runtcl-4] Executing : report_bus_skew -warn_on_violation -file lock_bus_skew_routed.rpt -pb lock_bus_skew_routed.pb -rpx lock_bus_skew_routed.rpx
INFO: [Timing 38-91] UpdateTimingParams: Speed grade: -2, Delay Type: min_max.
INFO: [Timing 38-191] Multithreading enabled for timing update using a maximum of 2 CPUs
Command: write_bitstream -force lock.bit
Attempting to get a license for feature 'Implementation' and/or device 'xc7a35t'
INFO: [Common 17-349] Got license for feature 'Implementation' and/or device 'xc7a35t'
Running DRC as a precondition to command write_bitstream
INFO: [IP_Flow 19-1839] IP Catalog is up to date.
INFO: [DRC 23-27] Running DRC with 2 threads
INFO: [Vivado 12-3199] DRC finished with 0 Errors
INFO: [Vivado 12-3200] Please refer to the DRC report (report_drc) for more information.
INFO: [Designutils 20-2272] Running write_bitstream with 2 threads.
Loading data files...
Loading site data...
Loading route data...
Processing options...
Creating bitmap...
Creating bitstream...
Writing bitstream ./lock.bit...
INFO: [Vivado 12-1842] Bitgen Completed Successfully.
INFO: [Project 1-120] WebTalk data collection is mandatory when using a WebPACK part without a full Vivado license. To see the specific WebTalk data collected for your design, open the usage_statistics_webtalk.html or usage_statistics_webtalk.xml file in the implementation directory.
INFO: [Common 17-83] Releasing license: Implementation
94 Infos, 3 Warnings, 0 Critical Warnings and 0 Errors encountered.
write_bitstream completed successfully
write_bitstream: Time (s): cpu = 00:00:03 ; elapsed = 00:00:07 . Memory (MB): peak = 2060.359 ; gain = 416.051
INFO: [Common 17-206] Exiting Vivado at Thu May 30 22:44:03 2024...
