
*** Running vivado
    with args -log punch.vds -m64 -product Vivado -mode batch -messageDb vivado.pb -notrace -source punch.tcl


****** Vivado v2019.2 (64-bit)
  **** SW Build 2708876 on Wed Nov  6 21:40:23 MST 2019
  **** IP Build 2700528 on Thu Nov  7 00:09:20 MST 2019
    ** Copyright 1986-2019 Xilinx, Inc. All Rights Reserved.

source punch.tcl -notrace
Command: synth_design -top punch -part xc7a35tfgg484-2
Starting synth_design
Attempting to get a license for feature 'Synthesis' and/or device 'xc7a35t'
INFO: [Common 17-349] Got license for feature 'Synthesis' and/or device 'xc7a35t'
INFO: [Device 21-403] Loading part xc7a35tfgg484-2
INFO: Launching helper process for spawning children vivado processes
INFO: Helper process launched with PID 14108 
---------------------------------------------------------------------------------
Starting RTL Elaboration : Time (s): cpu = 00:00:02 ; elapsed = 00:00:05 . Memory (MB): peak = 836.449 ; gain = 235.840
---------------------------------------------------------------------------------
INFO: [Synth 8-6157] synthesizing module 'punch' [E:/Codes/Projects/Digital-Logic-Experimentation/Final-2024/punch/punch.srcs/sources_1/new/punch.sv:21]
INFO: [Synth 8-6157] synthesizing module 'LFSR_random_generator' [E:/Codes/Projects/Digital-Logic-Experimentation/Final-2024/punch/punch.srcs/sources_1/new/punch.sv:1]
INFO: [Synth 8-6155] done synthesizing module 'LFSR_random_generator' (1#1) [E:/Codes/Projects/Digital-Logic-Experimentation/Final-2024/punch/punch.srcs/sources_1/new/punch.sv:1]
WARNING: [Synth 8-5788] Register cnt_submit_reg in module punch is has both Set and reset with same priority. This may cause simulation mismatches. Consider rewriting code  [E:/Codes/Projects/Digital-Logic-Experimentation/Final-2024/punch/punch.srcs/sources_1/new/punch.sv:42]
INFO: [Synth 8-6155] done synthesizing module 'punch' (2#1) [E:/Codes/Projects/Digital-Logic-Experimentation/Final-2024/punch/punch.srcs/sources_1/new/punch.sv:21]
---------------------------------------------------------------------------------
Finished RTL Elaboration : Time (s): cpu = 00:00:03 ; elapsed = 00:00:06 . Memory (MB): peak = 908.586 ; gain = 307.977
---------------------------------------------------------------------------------

Report Check Netlist: 
+------+------------------+-------+---------+-------+------------------+
|      |Item              |Errors |Warnings |Status |Description       |
+------+------------------+-------+---------+-------+------------------+
|1     |multi_driven_nets |      0|        0|Passed |Multi driven nets |
+------+------------------+-------+---------+-------+------------------+
---------------------------------------------------------------------------------
Start Handling Custom Attributes
---------------------------------------------------------------------------------
---------------------------------------------------------------------------------
Finished Handling Custom Attributes : Time (s): cpu = 00:00:03 ; elapsed = 00:00:07 . Memory (MB): peak = 908.586 ; gain = 307.977
---------------------------------------------------------------------------------
---------------------------------------------------------------------------------
Finished RTL Optimization Phase 1 : Time (s): cpu = 00:00:03 ; elapsed = 00:00:07 . Memory (MB): peak = 908.586 ; gain = 307.977
---------------------------------------------------------------------------------
Netlist sorting complete. Time (s): cpu = 00:00:00 ; elapsed = 00:00:00.004 . Memory (MB): peak = 908.586 ; gain = 0.000
INFO: [Project 1-570] Preparing netlist for logic optimization

Processing XDC Constraints
Initializing timing engine
Parsing XDC File [E:/Codes/Projects/Digital-Logic-Experimentation/Final-2024/punch/punch.srcs/constrs_1/new/punch.xdc]
WARNING: [Vivado 12-507] No nets matched 'CLK_IBUF'. [E:/Codes/Projects/Digital-Logic-Experimentation/Final-2024/punch/punch.srcs/constrs_1/new/punch.xdc:29]
CRITICAL WARNING: [Common 17-55] 'set_property' expects at least one object. [E:/Codes/Projects/Digital-Logic-Experimentation/Final-2024/punch/punch.srcs/constrs_1/new/punch.xdc:29]
Resolution: If [get_<value>] was used to populate the object, check to make sure this command returns at least one valid object.
Finished Parsing XDC File [E:/Codes/Projects/Digital-Logic-Experimentation/Final-2024/punch/punch.srcs/constrs_1/new/punch.xdc]
INFO: [Project 1-236] Implementation specific constraints were found while reading constraint file [E:/Codes/Projects/Digital-Logic-Experimentation/Final-2024/punch/punch.srcs/constrs_1/new/punch.xdc]. These constraints will be ignored for synthesis but will be used in implementation. Impacted constraints are listed in the file [.Xil/punch_propImpl.xdc].
Resolution: To avoid this warning, move constraints listed in [.Xil/punch_propImpl.xdc] to another XDC file and exclude this new file from synthesis with the used_in_synthesis property (File Properties dialog in GUI) and re-run elaboration/synthesis.
Completed Processing XDC Constraints

Netlist sorting complete. Time (s): cpu = 00:00:00 ; elapsed = 00:00:00 . Memory (MB): peak = 1017.301 ; gain = 0.000
INFO: [Project 1-111] Unisim Transformation Summary:
No Unisim elements were transformed.

Constraint Validation Runtime : Time (s): cpu = 00:00:00 ; elapsed = 00:00:00.003 . Memory (MB): peak = 1017.301 ; gain = 0.000
---------------------------------------------------------------------------------
Finished Constraint Validation : Time (s): cpu = 00:00:06 ; elapsed = 00:00:15 . Memory (MB): peak = 1017.301 ; gain = 416.691
---------------------------------------------------------------------------------
---------------------------------------------------------------------------------
Start Loading Part and Timing Information
---------------------------------------------------------------------------------
Loading part: xc7a35tfgg484-2
---------------------------------------------------------------------------------
Finished Loading Part and Timing Information : Time (s): cpu = 00:00:06 ; elapsed = 00:00:15 . Memory (MB): peak = 1017.301 ; gain = 416.691
---------------------------------------------------------------------------------
---------------------------------------------------------------------------------
Start Applying 'set_property' XDC Constraints
---------------------------------------------------------------------------------
---------------------------------------------------------------------------------
Finished applying 'set_property' XDC Constraints : Time (s): cpu = 00:00:06 ; elapsed = 00:00:15 . Memory (MB): peak = 1017.301 ; gain = 416.691
---------------------------------------------------------------------------------
---------------------------------------------------------------------------------
Finished RTL Optimization Phase 2 : Time (s): cpu = 00:00:06 ; elapsed = 00:00:15 . Memory (MB): peak = 1017.301 ; gain = 416.691
---------------------------------------------------------------------------------

Report RTL Partitions: 
+-+--------------+------------+----------+
| |RTL Partition |Replication |Instances |
+-+--------------+------------+----------+
+-+--------------+------------+----------+
---------------------------------------------------------------------------------
Start RTL Component Statistics 
---------------------------------------------------------------------------------
Detailed RTL Component Info : 
+---Adders : 
	   2 Input     31 Bit       Adders := 2     
	   2 Input      4 Bit       Adders := 1     
+---XORs : 
	   4 Input      1 Bit         XORs := 1     
+---Registers : 
	               31 Bit    Registers := 2     
	                8 Bit    Registers := 1     
	                4 Bit    Registers := 2     
+---Muxes : 
	   2 Input     31 Bit        Muxes := 5     
	   2 Input      4 Bit        Muxes := 6     
---------------------------------------------------------------------------------
Finished RTL Component Statistics 
---------------------------------------------------------------------------------
---------------------------------------------------------------------------------
Start RTL Hierarchical Component Statistics 
---------------------------------------------------------------------------------
Hierarchical RTL Component report 
Module punch 
Detailed RTL Component Info : 
+---Adders : 
	   2 Input     31 Bit       Adders := 2     
	   2 Input      4 Bit       Adders := 1     
+---Registers : 
	               31 Bit    Registers := 2     
	                4 Bit    Registers := 2     
+---Muxes : 
	   2 Input     31 Bit        Muxes := 5     
	   2 Input      4 Bit        Muxes := 6     
Module LFSR_random_generator 
Detailed RTL Component Info : 
+---XORs : 
	   4 Input      1 Bit         XORs := 1     
+---Registers : 
	                8 Bit    Registers := 1     
---------------------------------------------------------------------------------
Finished RTL Hierarchical Component Statistics
---------------------------------------------------------------------------------
---------------------------------------------------------------------------------
Start Part Resource Summary
---------------------------------------------------------------------------------
Part Resources:
DSPs: 90 (col length:60)
BRAMs: 100 (col length: RAMB18 60 RAMB36 30)
---------------------------------------------------------------------------------
Finished Part Resource Summary
---------------------------------------------------------------------------------
---------------------------------------------------------------------------------
Start Cross Boundary and Area Optimization
---------------------------------------------------------------------------------
Warning: Parallel synthesis criteria is not met 
INFO: [Synth 8-3333] propagating constant 0 across sequential element (\cnt_submit_reg[0]_C )
INFO: [Synth 8-3333] propagating constant 0 across sequential element (\cnt_submit_reg[29]_C )
INFO: [Synth 8-3333] propagating constant 0 across sequential element (\cnt_submit_reg[30]_C )
INFO: [Synth 8-3333] propagating constant 0 across sequential element (\cnt_submit_reg[28]_C )
INFO: [Synth 8-3333] propagating constant 0 across sequential element (\cnt_submit_reg[27]_C )
INFO: [Synth 8-3333] propagating constant 0 across sequential element (\cnt_submit_reg[26]_C )
INFO: [Synth 8-3333] propagating constant 0 across sequential element (\cnt_submit_reg[25]_C )
INFO: [Synth 8-3333] propagating constant 0 across sequential element (\cnt_submit_reg[24]_C )
INFO: [Synth 8-3333] propagating constant 0 across sequential element (\cnt_submit_reg[23]_C )
INFO: [Synth 8-3333] propagating constant 0 across sequential element (\cnt_submit_reg[22]_C )
INFO: [Synth 8-3333] propagating constant 0 across sequential element (\cnt_submit_reg[21]_C )
INFO: [Synth 8-3333] propagating constant 0 across sequential element (\cnt_submit_reg[20]_C )
INFO: [Synth 8-3333] propagating constant 0 across sequential element (\cnt_submit_reg[19]_C )
INFO: [Synth 8-3333] propagating constant 0 across sequential element (\cnt_submit_reg[18]_C )
INFO: [Synth 8-3333] propagating constant 0 across sequential element (\cnt_submit_reg[17]_C )
INFO: [Synth 8-3333] propagating constant 0 across sequential element (\cnt_submit_reg[16]_C )
INFO: [Synth 8-3333] propagating constant 0 across sequential element (\cnt_submit_reg[15]_C )
INFO: [Synth 8-3333] propagating constant 0 across sequential element (\cnt_submit_reg[14]_C )
INFO: [Synth 8-3333] propagating constant 0 across sequential element (\cnt_submit_reg[13]_C )
INFO: [Synth 8-3333] propagating constant 0 across sequential element (\cnt_submit_reg[12]_C )
INFO: [Synth 8-3333] propagating constant 0 across sequential element (\cnt_submit_reg[11]_C )
INFO: [Synth 8-3333] propagating constant 0 across sequential element (\cnt_submit_reg[10]_C )
INFO: [Synth 8-3333] propagating constant 0 across sequential element (\cnt_submit_reg[9]_C )
INFO: [Synth 8-3333] propagating constant 0 across sequential element (\cnt_submit_reg[8]_C )
INFO: [Synth 8-3333] propagating constant 0 across sequential element (\cnt_submit_reg[7]_C )
INFO: [Synth 8-3333] propagating constant 0 across sequential element (\cnt_submit_reg[6]_C )
INFO: [Synth 8-3333] propagating constant 0 across sequential element (\cnt_submit_reg[5]_C )
INFO: [Synth 8-3333] propagating constant 0 across sequential element (\cnt_submit_reg[4]_C )
INFO: [Synth 8-3333] propagating constant 0 across sequential element (\cnt_submit_reg[3]_C )
INFO: [Synth 8-3333] propagating constant 0 across sequential element (\cnt_submit_reg[2]_C )
INFO: [Synth 8-3333] propagating constant 0 across sequential element (\cnt_submit_reg[1]_C )
WARNING: [Synth 8-3332] Sequential element (cnt_submit_reg[30]_C) is unused and will be removed from module punch.
WARNING: [Synth 8-3332] Sequential element (cnt_submit_reg[29]_C) is unused and will be removed from module punch.
WARNING: [Synth 8-3332] Sequential element (cnt_submit_reg[28]_C) is unused and will be removed from module punch.
WARNING: [Synth 8-3332] Sequential element (cnt_submit_reg[27]_C) is unused and will be removed from module punch.
WARNING: [Synth 8-3332] Sequential element (cnt_submit_reg[26]_C) is unused and will be removed from module punch.
WARNING: [Synth 8-3332] Sequential element (cnt_submit_reg[25]_C) is unused and will be removed from module punch.
WARNING: [Synth 8-3332] Sequential element (cnt_submit_reg[24]_C) is unused and will be removed from module punch.
WARNING: [Synth 8-3332] Sequential element (cnt_submit_reg[23]_C) is unused and will be removed from module punch.
WARNING: [Synth 8-3332] Sequential element (cnt_submit_reg[22]_C) is unused and will be removed from module punch.
WARNING: [Synth 8-3332] Sequential element (cnt_submit_reg[21]_C) is unused and will be removed from module punch.
WARNING: [Synth 8-3332] Sequential element (cnt_submit_reg[20]_C) is unused and will be removed from module punch.
WARNING: [Synth 8-3332] Sequential element (cnt_submit_reg[19]_C) is unused and will be removed from module punch.
WARNING: [Synth 8-3332] Sequential element (cnt_submit_reg[18]_C) is unused and will be removed from module punch.
WARNING: [Synth 8-3332] Sequential element (cnt_submit_reg[17]_C) is unused and will be removed from module punch.
WARNING: [Synth 8-3332] Sequential element (cnt_submit_reg[16]_C) is unused and will be removed from module punch.
WARNING: [Synth 8-3332] Sequential element (cnt_submit_reg[15]_C) is unused and will be removed from module punch.
WARNING: [Synth 8-3332] Sequential element (cnt_submit_reg[14]_C) is unused and will be removed from module punch.
WARNING: [Synth 8-3332] Sequential element (cnt_submit_reg[13]_C) is unused and will be removed from module punch.
WARNING: [Synth 8-3332] Sequential element (cnt_submit_reg[12]_C) is unused and will be removed from module punch.
WARNING: [Synth 8-3332] Sequential element (cnt_submit_reg[11]_C) is unused and will be removed from module punch.
WARNING: [Synth 8-3332] Sequential element (cnt_submit_reg[10]_C) is unused and will be removed from module punch.
WARNING: [Synth 8-3332] Sequential element (cnt_submit_reg[9]_C) is unused and will be removed from module punch.
WARNING: [Synth 8-3332] Sequential element (cnt_submit_reg[8]_C) is unused and will be removed from module punch.
WARNING: [Synth 8-3332] Sequential element (cnt_submit_reg[7]_C) is unused and will be removed from module punch.
WARNING: [Synth 8-3332] Sequential element (cnt_submit_reg[6]_C) is unused and will be removed from module punch.
WARNING: [Synth 8-3332] Sequential element (cnt_submit_reg[5]_C) is unused and will be removed from module punch.
WARNING: [Synth 8-3332] Sequential element (cnt_submit_reg[4]_C) is unused and will be removed from module punch.
WARNING: [Synth 8-3332] Sequential element (cnt_submit_reg[3]_C) is unused and will be removed from module punch.
WARNING: [Synth 8-3332] Sequential element (cnt_submit_reg[2]_C) is unused and will be removed from module punch.
WARNING: [Synth 8-3332] Sequential element (cnt_submit_reg[1]_C) is unused and will be removed from module punch.
WARNING: [Synth 8-3332] Sequential element (cnt_submit_reg[0]_C) is unused and will be removed from module punch.
---------------------------------------------------------------------------------
Finished Cross Boundary and Area Optimization : Time (s): cpu = 00:00:07 ; elapsed = 00:00:18 . Memory (MB): peak = 1017.301 ; gain = 416.691
---------------------------------------------------------------------------------

Report RTL Partitions: 
+-+--------------+------------+----------+
| |RTL Partition |Replication |Instances |
+-+--------------+------------+----------+
+-+--------------+------------+----------+
---------------------------------------------------------------------------------
Start Applying XDC Timing Constraints
---------------------------------------------------------------------------------
---------------------------------------------------------------------------------
Finished Applying XDC Timing Constraints : Time (s): cpu = 00:00:10 ; elapsed = 00:00:28 . Memory (MB): peak = 1017.301 ; gain = 416.691
---------------------------------------------------------------------------------
---------------------------------------------------------------------------------
Start Timing Optimization
---------------------------------------------------------------------------------
---------------------------------------------------------------------------------
Finished Timing Optimization : Time (s): cpu = 00:00:10 ; elapsed = 00:00:28 . Memory (MB): peak = 1017.301 ; gain = 416.691
---------------------------------------------------------------------------------

Report RTL Partitions: 
+-+--------------+------------+----------+
| |RTL Partition |Replication |Instances |
+-+--------------+------------+----------+
+-+--------------+------------+----------+
---------------------------------------------------------------------------------
Start Technology Mapping
---------------------------------------------------------------------------------
---------------------------------------------------------------------------------
Finished Technology Mapping : Time (s): cpu = 00:00:10 ; elapsed = 00:00:28 . Memory (MB): peak = 1017.301 ; gain = 416.691
---------------------------------------------------------------------------------

Report RTL Partitions: 
+-+--------------+------------+----------+
| |RTL Partition |Replication |Instances |
+-+--------------+------------+----------+
+-+--------------+------------+----------+
---------------------------------------------------------------------------------
Start IO Insertion
---------------------------------------------------------------------------------
---------------------------------------------------------------------------------
Start Flattening Before IO Insertion
---------------------------------------------------------------------------------
---------------------------------------------------------------------------------
Finished Flattening Before IO Insertion
---------------------------------------------------------------------------------
---------------------------------------------------------------------------------
Start Final Netlist Cleanup
---------------------------------------------------------------------------------
---------------------------------------------------------------------------------
Finished Final Netlist Cleanup
---------------------------------------------------------------------------------
---------------------------------------------------------------------------------
Finished IO Insertion : Time (s): cpu = 00:00:11 ; elapsed = 00:00:33 . Memory (MB): peak = 1017.301 ; gain = 416.691
---------------------------------------------------------------------------------
---------------------------------------------------------------------------------
Start Renaming Generated Instances
---------------------------------------------------------------------------------
---------------------------------------------------------------------------------
Finished Renaming Generated Instances : Time (s): cpu = 00:00:11 ; elapsed = 00:00:33 . Memory (MB): peak = 1017.301 ; gain = 416.691
---------------------------------------------------------------------------------

Report RTL Partitions: 
+-+--------------+------------+----------+
| |RTL Partition |Replication |Instances |
+-+--------------+------------+----------+
+-+--------------+------------+----------+

Report Check Netlist: 
+------+------------------+-------+---------+-------+------------------+
|      |Item              |Errors |Warnings |Status |Description       |
+------+------------------+-------+---------+-------+------------------+
|1     |multi_driven_nets |      0|        0|Passed |Multi driven nets |
+------+------------------+-------+---------+-------+------------------+
---------------------------------------------------------------------------------
Start Rebuilding User Hierarchy
---------------------------------------------------------------------------------
---------------------------------------------------------------------------------
Finished Rebuilding User Hierarchy : Time (s): cpu = 00:00:11 ; elapsed = 00:00:33 . Memory (MB): peak = 1017.301 ; gain = 416.691
---------------------------------------------------------------------------------
---------------------------------------------------------------------------------
Start Renaming Generated Ports
---------------------------------------------------------------------------------
---------------------------------------------------------------------------------
Finished Renaming Generated Ports : Time (s): cpu = 00:00:11 ; elapsed = 00:00:33 . Memory (MB): peak = 1017.301 ; gain = 416.691
---------------------------------------------------------------------------------
---------------------------------------------------------------------------------
Start Handling Custom Attributes
---------------------------------------------------------------------------------
---------------------------------------------------------------------------------
Finished Handling Custom Attributes : Time (s): cpu = 00:00:11 ; elapsed = 00:00:33 . Memory (MB): peak = 1017.301 ; gain = 416.691
---------------------------------------------------------------------------------
---------------------------------------------------------------------------------
Start Renaming Generated Nets
---------------------------------------------------------------------------------
---------------------------------------------------------------------------------
Finished Renaming Generated Nets : Time (s): cpu = 00:00:11 ; elapsed = 00:00:33 . Memory (MB): peak = 1017.301 ; gain = 416.691
---------------------------------------------------------------------------------
---------------------------------------------------------------------------------
Start Writing Synthesis Report
---------------------------------------------------------------------------------

Report BlackBoxes: 
+-+--------------+----------+
| |BlackBox name |Instances |
+-+--------------+----------+
+-+--------------+----------+

Report Cell Usage: 
+------+-------+------+
|      |Cell   |Count |
+------+-------+------+
|1     |BUFG   |     1|
|2     |CARRY4 |    16|
|3     |LUT1   |     2|
|4     |LUT2   |    35|
|5     |LUT3   |    64|
|6     |LUT4   |    53|
|7     |LUT5   |     4|
|8     |LUT6   |    20|
|9     |FDCE   |    46|
|10    |FDPE   |    36|
|11    |LDC    |    35|
|12    |IBUF   |     7|
|13    |OBUF   |     8|
+------+-------+------+

Report Instance Areas: 
+------+---------+----------------------+------+
|      |Instance |Module                |Cells |
+------+---------+----------------------+------+
|1     |top      |                      |   327|
|2     |  lfst_g |LFSR_random_generator |     9|
+------+---------+----------------------+------+
---------------------------------------------------------------------------------
Finished Writing Synthesis Report : Time (s): cpu = 00:00:11 ; elapsed = 00:00:33 . Memory (MB): peak = 1017.301 ; gain = 416.691
---------------------------------------------------------------------------------
Synthesis finished with 0 errors, 0 critical warnings and 31 warnings.
Synthesis Optimization Runtime : Time (s): cpu = 00:00:07 ; elapsed = 00:00:30 . Memory (MB): peak = 1017.301 ; gain = 307.977
Synthesis Optimization Complete : Time (s): cpu = 00:00:11 ; elapsed = 00:00:33 . Memory (MB): peak = 1017.301 ; gain = 416.691
INFO: [Project 1-571] Translating synthesized netlist
Netlist sorting complete. Time (s): cpu = 00:00:00 ; elapsed = 00:00:00.005 . Memory (MB): peak = 1017.301 ; gain = 0.000
INFO: [Netlist 29-17] Analyzing 51 Unisim elements for replacement
INFO: [Netlist 29-28] Unisim Transformation completed in 0 CPU seconds
INFO: [Project 1-570] Preparing netlist for logic optimization
INFO: [Opt 31-138] Pushed 0 inverter(s) to 0 load pin(s).
Netlist sorting complete. Time (s): cpu = 00:00:00 ; elapsed = 00:00:00 . Memory (MB): peak = 1022.164 ; gain = 0.000
INFO: [Project 1-111] Unisim Transformation Summary:
  A total of 35 instances were transformed.
  LDC => LDCE: 35 instances

INFO: [Common 17-83] Releasing license: Synthesis
47 Infos, 33 Warnings, 1 Critical Warnings and 0 Errors encountered.
synth_design completed successfully
synth_design: Time (s): cpu = 00:00:15 ; elapsed = 00:00:40 . Memory (MB): peak = 1022.164 ; gain = 715.770
Netlist sorting complete. Time (s): cpu = 00:00:00 ; elapsed = 00:00:00 . Memory (MB): peak = 1022.164 ; gain = 0.000
WARNING: [Constraints 18-5210] No constraints selected for write.
Resolution: This message can indicate that there are no constraints for the design, or it can indicate that the used_in flags are set such that the constraints are ignored. This later case is used when running synth_design to not write synthesis constraints to the resulting checkpoint. Instead, project constraints are read when the synthesized design is opened.
INFO: [Common 17-1381] The checkpoint 'E:/Codes/Projects/Digital-Logic-Experimentation/Final-2024/punch/punch.runs/synth_1/punch.dcp' has been generated.
INFO: [runtcl-4] Executing : report_utilization -file punch_utilization_synth.rpt -pb punch_utilization_synth.pb
INFO: [Common 17-206] Exiting Vivado at Fri Jun 14 09:32:33 2024...
