Copyright 1986-2019 Xilinx, Inc. All Rights Reserved.
--------------------------------------------------------------------------------------------------------------------------------------------------------------------------------------
| Tool Version : Vivado v.2019.2 (win64) Build 2708876 Wed Nov  6 21:40:23 MST 2019
| Date         : Fri Jun 14 09:33:46 2024
| Host         : Worptop running 64-bit major release  (build 9200)
| Command      : report_timing_summary -max_paths 10 -file punch_timing_summary_routed.rpt -pb punch_timing_summary_routed.pb -rpx punch_timing_summary_routed.rpx -warn_on_violation
| Design       : punch
| Device       : 7a35t-fgg484
| Speed File   : -2  PRODUCTION 1.23 2018-06-13
--------------------------------------------------------------------------------------------------------------------------------------------------------------------------------------

Timing Summary Report

------------------------------------------------------------------------------------------------
| Timer Settings
| --------------
------------------------------------------------------------------------------------------------

  Enable Multi Corner Analysis               :  Yes
  Enable Pessimism Removal                   :  Yes
  Pessimism Removal Resolution               :  Nearest Common Node
  Enable Input Delay Default Clock           :  No
  Enable Preset / Clear Arcs                 :  No
  Disable Flight Delays                      :  No
  Ignore I/O Paths                           :  No
  Timing Early Launch at Borrowing Latches   :  No
  Borrow Time for Max Delay Exceptions       :  Yes
  Merge Timing Exceptions                    :  Yes

  Corner  Analyze    Analyze    
  Name    Max Paths  Min Paths  
  ------  ---------  ---------  
  Slow    Yes        Yes        
  Fast    Yes        Yes        



check_timing report

Table of Contents
-----------------
1. checking no_clock
2. checking constant_clock
3. checking pulse_width_clock
4. checking unconstrained_internal_endpoints
5. checking no_input_delay
6. checking no_output_delay
7. checking multiple_clock
8. checking generated_clocks
9. checking loops
10. checking partial_input_delay
11. checking partial_output_delay
12. checking latch_loops

1. checking no_clock
--------------------
 There are 86 register/latch pins with no clock driven by root clock pin: CLK (HIGH)

 There are 35 register/latch pins with no clock driven by root clock pin: RST (HIGH)

 There are 35 register/latch pins with no clock driven by root clock pin: Submit (HIGH)

 There are 4 register/latch pins with no clock driven by root clock pin: Switch[0] (HIGH)

 There are 4 register/latch pins with no clock driven by root clock pin: Switch[1] (HIGH)

 There are 4 register/latch pins with no clock driven by root clock pin: Switch[2] (HIGH)

 There are 4 register/latch pins with no clock driven by root clock pin: Switch[3] (HIGH)

 There are 4 register/latch pins with no clock driven by root clock pin: Obj_reg[0]/Q (HIGH)

 There are 4 register/latch pins with no clock driven by root clock pin: Obj_reg[1]/Q (HIGH)

 There are 4 register/latch pins with no clock driven by root clock pin: Obj_reg[2]/Q (HIGH)

 There are 4 register/latch pins with no clock driven by root clock pin: Obj_reg[3]/Q (HIGH)

 There are 34 register/latch pins with no clock driven by root clock pin: cnt_submit_reg[0]_LDC/Q (HIGH)

 There are 35 register/latch pins with no clock driven by root clock pin: cnt_submit_reg[0]_P/Q (HIGH)

 There are 24 register/latch pins with no clock driven by root clock pin: cnt_submit_reg[10]_LDC/Q (HIGH)

 There are 24 register/latch pins with no clock driven by root clock pin: cnt_submit_reg[10]_P/Q (HIGH)

 There are 23 register/latch pins with no clock driven by root clock pin: cnt_submit_reg[11]_LDC/Q (HIGH)

 There are 23 register/latch pins with no clock driven by root clock pin: cnt_submit_reg[11]_P/Q (HIGH)

 There are 22 register/latch pins with no clock driven by root clock pin: cnt_submit_reg[12]_LDC/Q (HIGH)

 There are 22 register/latch pins with no clock driven by root clock pin: cnt_submit_reg[12]_P/Q (HIGH)

 There are 21 register/latch pins with no clock driven by root clock pin: cnt_submit_reg[13]_LDC/Q (HIGH)

 There are 21 register/latch pins with no clock driven by root clock pin: cnt_submit_reg[13]_P/Q (HIGH)

 There are 20 register/latch pins with no clock driven by root clock pin: cnt_submit_reg[14]_LDC/Q (HIGH)

 There are 20 register/latch pins with no clock driven by root clock pin: cnt_submit_reg[14]_P/Q (HIGH)

 There are 19 register/latch pins with no clock driven by root clock pin: cnt_submit_reg[15]_LDC/Q (HIGH)

 There are 19 register/latch pins with no clock driven by root clock pin: cnt_submit_reg[15]_P/Q (HIGH)

 There are 18 register/latch pins with no clock driven by root clock pin: cnt_submit_reg[16]_LDC/Q (HIGH)

 There are 18 register/latch pins with no clock driven by root clock pin: cnt_submit_reg[16]_P/Q (HIGH)

 There are 17 register/latch pins with no clock driven by root clock pin: cnt_submit_reg[17]_LDC/Q (HIGH)

 There are 17 register/latch pins with no clock driven by root clock pin: cnt_submit_reg[17]_P/Q (HIGH)

 There are 16 register/latch pins with no clock driven by root clock pin: cnt_submit_reg[18]_LDC/Q (HIGH)

 There are 16 register/latch pins with no clock driven by root clock pin: cnt_submit_reg[18]_P/Q (HIGH)

 There are 15 register/latch pins with no clock driven by root clock pin: cnt_submit_reg[19]_LDC/Q (HIGH)

 There are 15 register/latch pins with no clock driven by root clock pin: cnt_submit_reg[19]_P/Q (HIGH)

 There are 4 register/latch pins with no clock driven by root clock pin: cnt_submit_reg[1]_LDC/Q (HIGH)

 There are 34 register/latch pins with no clock driven by root clock pin: cnt_submit_reg[1]_P/Q (HIGH)

 There are 14 register/latch pins with no clock driven by root clock pin: cnt_submit_reg[20]_LDC/Q (HIGH)

 There are 14 register/latch pins with no clock driven by root clock pin: cnt_submit_reg[20]_P/Q (HIGH)

 There are 13 register/latch pins with no clock driven by root clock pin: cnt_submit_reg[21]_LDC/Q (HIGH)

 There are 13 register/latch pins with no clock driven by root clock pin: cnt_submit_reg[21]_P/Q (HIGH)

 There are 12 register/latch pins with no clock driven by root clock pin: cnt_submit_reg[22]_LDC/Q (HIGH)

 There are 12 register/latch pins with no clock driven by root clock pin: cnt_submit_reg[22]_P/Q (HIGH)

 There are 11 register/latch pins with no clock driven by root clock pin: cnt_submit_reg[23]_LDC/Q (HIGH)

 There are 11 register/latch pins with no clock driven by root clock pin: cnt_submit_reg[23]_P/Q (HIGH)

 There are 10 register/latch pins with no clock driven by root clock pin: cnt_submit_reg[24]_LDC/Q (HIGH)

 There are 10 register/latch pins with no clock driven by root clock pin: cnt_submit_reg[24]_P/Q (HIGH)

 There are 9 register/latch pins with no clock driven by root clock pin: cnt_submit_reg[25]_LDC/Q (HIGH)

 There are 9 register/latch pins with no clock driven by root clock pin: cnt_submit_reg[25]_P/Q (HIGH)

 There are 8 register/latch pins with no clock driven by root clock pin: cnt_submit_reg[26]_LDC/Q (HIGH)

 There are 8 register/latch pins with no clock driven by root clock pin: cnt_submit_reg[26]_P/Q (HIGH)

 There are 7 register/latch pins with no clock driven by root clock pin: cnt_submit_reg[27]_LDC/Q (HIGH)

 There are 7 register/latch pins with no clock driven by root clock pin: cnt_submit_reg[27]_P/Q (HIGH)

 There are 6 register/latch pins with no clock driven by root clock pin: cnt_submit_reg[28]_LDC/Q (HIGH)

 There are 6 register/latch pins with no clock driven by root clock pin: cnt_submit_reg[28]_P/Q (HIGH)

 There are 5 register/latch pins with no clock driven by root clock pin: cnt_submit_reg[29]_LDC/Q (HIGH)

 There are 5 register/latch pins with no clock driven by root clock pin: cnt_submit_reg[29]_P/Q (HIGH)

 There are 4 register/latch pins with no clock driven by root clock pin: cnt_submit_reg[2]_LDC/Q (HIGH)

 There are 33 register/latch pins with no clock driven by root clock pin: cnt_submit_reg[2]_P/Q (HIGH)

 There are 4 register/latch pins with no clock driven by root clock pin: cnt_submit_reg[30]_LDC/Q (HIGH)

 There are 4 register/latch pins with no clock driven by root clock pin: cnt_submit_reg[30]_P/Q (HIGH)

 There are 4 register/latch pins with no clock driven by root clock pin: cnt_submit_reg[3]_LDC/Q (HIGH)

 There are 32 register/latch pins with no clock driven by root clock pin: cnt_submit_reg[3]_P/Q (HIGH)

 There are 4 register/latch pins with no clock driven by root clock pin: cnt_submit_reg[4]_LDC/Q (HIGH)

 There are 31 register/latch pins with no clock driven by root clock pin: cnt_submit_reg[4]_P/Q (HIGH)

 There are 4 register/latch pins with no clock driven by root clock pin: cnt_submit_reg[5]_LDC/Q (HIGH)

 There are 30 register/latch pins with no clock driven by root clock pin: cnt_submit_reg[5]_P/Q (HIGH)

 There are 4 register/latch pins with no clock driven by root clock pin: cnt_submit_reg[6]_LDC/Q (HIGH)

 There are 29 register/latch pins with no clock driven by root clock pin: cnt_submit_reg[6]_P/Q (HIGH)

 There are 4 register/latch pins with no clock driven by root clock pin: cnt_submit_reg[7]_LDC/Q (HIGH)

 There are 28 register/latch pins with no clock driven by root clock pin: cnt_submit_reg[7]_P/Q (HIGH)

 There are 4 register/latch pins with no clock driven by root clock pin: cnt_submit_reg[8]_LDC/Q (HIGH)

 There are 27 register/latch pins with no clock driven by root clock pin: cnt_submit_reg[8]_P/Q (HIGH)

 There are 4 register/latch pins with no clock driven by root clock pin: cnt_submit_reg[9]_LDC/Q (HIGH)

 There are 26 register/latch pins with no clock driven by root clock pin: cnt_submit_reg[9]_P/Q (HIGH)


2. checking constant_clock
--------------------------
 There are 0 register/latch pins with constant_clock.


3. checking pulse_width_clock
-----------------------------
 There are 0 register/latch pins which need pulse_width check


4. checking unconstrained_internal_endpoints
--------------------------------------------
 There are 246 pins that are not constrained for maximum delay. (HIGH)

 There are 0 pins that are not constrained for maximum delay due to constant clock.


5. checking no_input_delay
--------------------------
 There are 6 input ports with no input delay specified. (HIGH)

 There are 0 input ports with no input delay but user has a false path constraint.


6. checking no_output_delay
---------------------------
 There are 8 ports with no output delay specified. (HIGH)

 There are 0 ports with no output delay but user has a false path constraint

 There are 0 ports with no output delay but with a timing clock defined on it or propagating through it


7. checking multiple_clock
--------------------------
 There are 0 register/latch pins with multiple clocks.


8. checking generated_clocks
----------------------------
 There are 0 generated clocks that are not connected to a clock source.


9. checking loops
-----------------
 There are 0 combinational loops in the design.


10. checking partial_input_delay
--------------------------------
 There are 0 input ports with partial input delay specified.


11. checking partial_output_delay
---------------------------------
 There are 0 ports with partial output delay specified.


12. checking latch_loops
------------------------
 There are 0 combinational latch loops in the design through latch input



------------------------------------------------------------------------------------------------
| Design Timing Summary
| ---------------------
------------------------------------------------------------------------------------------------

    WNS(ns)      TNS(ns)  TNS Failing Endpoints  TNS Total Endpoints      WHS(ns)      THS(ns)  THS Failing Endpoints  THS Total Endpoints     WPWS(ns)     TPWS(ns)  TPWS Failing Endpoints  TPWS Total Endpoints  
    -------      -------  ---------------------  -------------------      -------      -------  ---------------------  -------------------     --------     --------  ----------------------  --------------------  
         NA           NA                     NA                   NA           NA           NA                     NA                   NA           NA           NA                      NA                    NA  


There are no user specified timing constraints.


------------------------------------------------------------------------------------------------
| Clock Summary
| -------------
------------------------------------------------------------------------------------------------


------------------------------------------------------------------------------------------------
| Intra Clock Table
| -----------------
------------------------------------------------------------------------------------------------

Clock             WNS(ns)      TNS(ns)  TNS Failing Endpoints  TNS Total Endpoints      WHS(ns)      THS(ns)  THS Failing Endpoints  THS Total Endpoints     WPWS(ns)     TPWS(ns)  TPWS Failing Endpoints  TPWS Total Endpoints  
-----             -------      -------  ---------------------  -------------------      -------      -------  ---------------------  -------------------     --------     --------  ----------------------  --------------------  


------------------------------------------------------------------------------------------------
| Inter Clock Table
| -----------------
------------------------------------------------------------------------------------------------

From Clock    To Clock          WNS(ns)      TNS(ns)  TNS Failing Endpoints  TNS Total Endpoints      WHS(ns)      THS(ns)  THS Failing Endpoints  THS Total Endpoints  
----------    --------          -------      -------  ---------------------  -------------------      -------      -------  ---------------------  -------------------  


------------------------------------------------------------------------------------------------
| Other Path Groups Table
| -----------------------
------------------------------------------------------------------------------------------------

Path Group    From Clock    To Clock          WNS(ns)      TNS(ns)  TNS Failing Endpoints  TNS Total Endpoints      WHS(ns)      THS(ns)  THS Failing Endpoints  THS Total Endpoints  
----------    ----------    --------          -------      -------  ---------------------  -------------------      -------      -------  ---------------------  -------------------  


------------------------------------------------------------------------------------------------
| Timing Details
| --------------
------------------------------------------------------------------------------------------------


