#-----------------------------------------------------------
# Vivado v2019.2 (64-bit)
# SW Build 2708876 on Wed Nov  6 21:40:23 MST 2019
# IP Build 2700528 on Thu Nov  7 00:09:20 MST 2019
# Start of session at: Thu Jun 13 21:05:22 2024
# Process ID: 19212
# Current directory: E:/Codes/Projects/Digital-Logic-Experimentation/lab6/counter
# Command line: vivado.exe -gui_launcher_event rodinguilauncherevent20628 E:\Codes\Projects\Digital-Logic-Experimentation\lab6\counter\counter.xpr
# Log file: E:/Codes/Projects/Digital-Logic-Experimentation/lab6/counter/vivado.log
# Journal file: E:/Codes/Projects/Digital-Logic-Experimentation/lab6/counter\vivado.jou
#-----------------------------------------------------------
start_gui
open_project E:/Codes/Projects/Digital-Logic-Experimentation/lab6/counter/counter.xpr
Scanning sources...
Finished scanning sources
INFO: [IP_Flow 19-234] Refreshing IP repositories
INFO: [IP_Flow 19-1704] No user IP repositories specified
INFO: [IP_Flow 19-2313] Loaded Vivado IP repository 'D:/ProgramFiles/Xilinx/Vivado/2019.2/data/ip'.
update_compile_order -fileset sources_1
exit
INFO: [Common 17-206] Exiting Vivado at Thu Jun 13 21:05:57 2024...
